Release 14.6 Map P.68d (nt64)
Xilinx Mapping Report File for Design 'mips_fpga_interface'

Design Information
------------------
Command Line   : map -intstyle ise -p xc3s1000-ft256-4 -cm area -ir off -pr off
-c 100 -o mips_fpga_interface_map.ncd mips_fpga_interface.ngd
mips_fpga_interface.pcf 
Target Device  : xc3s1000
Target Package : ft256
Target Speed   : -4
Mapper Version : spartan3 -- $Revision: 1.55 $
Mapped Date    : Tue May 13 03:16:51 2014

Design Summary
--------------
Number of errors:      0
Number of warnings:    0
Logic Utilization:
  Number of Slice Flip Flops:           122 out of  15,360    1%
  Number of 4 input LUTs:               138 out of  15,360    1%
Logic Distribution:
  Number of occupied Slices:            116 out of   7,680    1%
    Number of Slices containing only related logic:     116 out of     116 100%
    Number of Slices containing unrelated logic:          0 out of     116   0%
      *See NOTES below for an explanation of the effects of unrelated logic.
  Total Number of 4 input LUTs:         169 out of  15,360    1%
    Number used as logic:               133
    Number used as a route-thru:         31
    Number used as Shift registers:       5

  The Slice Logic Distribution report is not meaningful if the design is
  over-mapped for a non-slice resource or if Placement fails.

  Number of bonded IOBs:                 63 out of     173   36%
  Number of RAMB16s:                      3 out of      24   12%
  Number of BUFGMUXs:                     4 out of       8   50%

Average Fanout of Non-Clock Nets:                3.00

Peak Memory Usage:  297 MB
Total REAL time to MAP completion:  1 secs 
Total CPU time to MAP completion:   1 secs 

NOTES:

   Related logic is defined as being logic that shares connectivity - e.g. two
   LUTs are "related" if they share common inputs.  When assembling slices,
   Map gives priority to combine logic that is related.  Doing so results in
   the best timing performance.

   Unrelated logic shares no connectivity.  Map will only begin packing
   unrelated logic into a slice once 99% of the slices are occupied through
   related logic packing.

   Note that once logic distribution reaches the 99% level through related
   logic packing, this does not mean the device is completely utilized.
   Unrelated logic packing will then begin, continuing until all usable LUTs
   and FFs are occupied.  Depending on your timing budget, increased levels of
   unrelated logic packing may adversely affect the overall timing performance
   of your design.

Table of Contents
-----------------
Section 1 - Errors
Section 2 - Warnings
Section 3 - Informational
Section 4 - Removed Logic Summary
Section 5 - Removed Logic
Section 6 - IOB Properties
Section 7 - RPMs
Section 8 - Guide Report
Section 9 - Area Group and Partition Summary
Section 10 - Timing Report
Section 11 - Configuration String Information
Section 12 - Control Set Information
Section 13 - Utilization by Hierarchy

Section 1 - Errors
------------------

Section 2 - Warnings
--------------------

Section 3 - Informational
-------------------------
INFO:LIT:243 - Logical network io_out_port<31> has no load.
INFO:LIT:395 - The above info message is repeated 24 more times for the
   following (max. 5 shown):
   io_out_port<30>,
   io_out_port<29>,
   io_out_port<28>,
   io_out_port<27>,
   io_out_port<26>
   To see the details of these info messages, please use the -detail switch.
INFO:MapLib:562 - No environment variables are currently set.
INFO:LIT:244 - All of the single ended outputs in this design are using slew
   rate limited output drivers. The delay on speed critical single ended outputs
   can be dramatically reduced by designating them as fast outputs.

Section 4 - Removed Logic Summary
---------------------------------
   2 block(s) optimized away

Section 5 - Removed Logic
-------------------------

Optimized Block(s):
TYPE 		BLOCK
GND 		XST_GND
VCC 		XST_VCC

To enable printing of redundant blocks removed and signals merged, set the
detailed map report option and rerun map.

Section 6 - IOB Properties
--------------------------

+---------------------------------------------------------------------------------------------------------------------------------------------------------+
| IOB Name                           | Type             | Direction | IO Standard          | Diff  | Drive    | Slew | Reg (s)      | Resistor | IOB      |
|                                    |                  |           |                      | Term  | Strength | Rate |              |          | Delay    |
+---------------------------------------------------------------------------------------------------------------------------------------------------------+
| blue_out<0>                        | IOB              | OUTPUT    | LVCMOS25             |       | 12       | SLOW |              |          |          |
| blue_out<1>                        | IOB              | OUTPUT    | LVCMOS25             |       | 12       | SLOW |              |          |          |
| blue_out<2>                        | IOB              | OUTPUT    | LVCMOS25             |       | 12       | SLOW |              |          |          |
| clk                                | IOB              | INPUT     | LVCMOS25             |       |          |      |              |          |          |
| clk50_in                           | IOB              | INPUT     | LVCMOS25             |       |          |      |              |          |          |
| green_out<0>                       | IOB              | OUTPUT    | LVCMOS25             |       | 12       | SLOW |              |          |          |
| green_out<1>                       | IOB              | OUTPUT    | LVCMOS25             |       | 12       | SLOW |              |          |          |
| green_out<2>                       | IOB              | OUTPUT    | LVCMOS25             |       | 12       | SLOW |              |          |          |
| hs_out                             | IOB              | OUTPUT    | LVCMOS25             |       | 12       | SLOW |              |          |          |
| io_in_port<0>                      | IOB              | OUTPUT    | LVCMOS25             |       | 12       | SLOW |              |          |          |
| io_in_port<1>                      | IOB              | OUTPUT    | LVCMOS25             |       | 12       | SLOW |              |          |          |
| io_in_port<2>                      | IOB              | OUTPUT    | LVCMOS25             |       | 12       | SLOW |              |          |          |
| io_in_port<3>                      | IOB              | OUTPUT    | LVCMOS25             |       | 12       | SLOW |              |          |          |
| io_in_port<4>                      | IOB              | OUTPUT    | LVCMOS25             |       | 12       | SLOW |              |          |          |
| io_in_port<5>                      | IOB              | OUTPUT    | LVCMOS25             |       | 12       | SLOW |              |          |          |
| io_in_port<6>                      | IOB              | OUTPUT    | LVCMOS25             |       | 12       | SLOW |              |          |          |
| io_in_port<7>                      | IOB              | OUTPUT    | LVCMOS25             |       | 12       | SLOW |              |          |          |
| io_in_port<8>                      | IOB              | OUTPUT    | LVCMOS25             |       | 12       | SLOW |              |          |          |
| io_in_port<9>                      | IOB              | OUTPUT    | LVCMOS25             |       | 12       | SLOW |              |          |          |
| io_in_port<10>                     | IOB              | OUTPUT    | LVCMOS25             |       | 12       | SLOW |              |          |          |
| io_in_port<11>                     | IOB              | OUTPUT    | LVCMOS25             |       | 12       | SLOW |              |          |          |
| io_in_port<12>                     | IOB              | OUTPUT    | LVCMOS25             |       | 12       | SLOW |              |          |          |
| io_in_port<13>                     | IOB              | OUTPUT    | LVCMOS25             |       | 12       | SLOW |              |          |          |
| io_in_port<14>                     | IOB              | OUTPUT    | LVCMOS25             |       | 12       | SLOW |              |          |          |
| io_in_port<15>                     | IOB              | OUTPUT    | LVCMOS25             |       | 12       | SLOW |              |          |          |
| io_in_port<16>                     | IOB              | OUTPUT    | LVCMOS25             |       | 12       | SLOW |              |          |          |
| io_in_port<17>                     | IOB              | OUTPUT    | LVCMOS25             |       | 12       | SLOW |              |          |          |
| io_in_port<18>                     | IOB              | OUTPUT    | LVCMOS25             |       | 12       | SLOW |              |          |          |
| io_in_port<19>                     | IOB              | OUTPUT    | LVCMOS25             |       | 12       | SLOW |              |          |          |
| io_in_port<20>                     | IOB              | OUTPUT    | LVCMOS25             |       | 12       | SLOW |              |          |          |
| io_in_port<21>                     | IOB              | OUTPUT    | LVCMOS25             |       | 12       | SLOW |              |          |          |
| io_in_port<22>                     | IOB              | OUTPUT    | LVCMOS25             |       | 12       | SLOW |              |          |          |
| io_in_port<23>                     | IOB              | OUTPUT    | LVCMOS25             |       | 12       | SLOW |              |          |          |
| io_in_port<24>                     | IOB              | OUTPUT    | LVCMOS25             |       | 12       | SLOW |              |          |          |
| io_in_port<25>                     | IOB              | OUTPUT    | LVCMOS25             |       | 12       | SLOW |              |          |          |
| io_in_port<26>                     | IOB              | OUTPUT    | LVCMOS25             |       | 12       | SLOW |              |          |          |
| io_in_port<27>                     | IOB              | OUTPUT    | LVCMOS25             |       | 12       | SLOW |              |          |          |
| io_in_port<28>                     | IOB              | OUTPUT    | LVCMOS25             |       | 12       | SLOW |              |          |          |
| io_in_port<29>                     | IOB              | OUTPUT    | LVCMOS25             |       | 12       | SLOW |              |          |          |
| io_in_port<30>                     | IOB              | OUTPUT    | LVCMOS25             |       | 12       | SLOW |              |          |          |
| io_in_port<31>                     | IOB              | OUTPUT    | LVCMOS25             |       | 12       | SLOW |              |          |          |
| io_out_port<0>                     | IOB              | INPUT     | LVCMOS25             |       |          |      |              |          |          |
| io_out_port<1>                     | IOB              | INPUT     | LVCMOS25             |       |          |      |              |          |          |
| io_out_port<2>                     | IOB              | INPUT     | LVCMOS25             |       |          |      |              |          |          |
| io_out_port<3>                     | IOB              | INPUT     | LVCMOS25             |       |          |      |              |          |          |
| io_out_port<4>                     | IOB              | INPUT     | LVCMOS25             |       |          |      |              |          |          |
| io_out_port<5>                     | IOB              | INPUT     | LVCMOS25             |       |          |      |              |          |          |
| io_out_port<6>                     | IOB              | INPUT     | LVCMOS25             |       |          |      |              |          |          |
| io_out_port<7>                     | IOB              | INPUT     | LVCMOS25             |       |          |      |              |          |          |
| led<0>                             | IOB              | OUTPUT    | LVCMOS25             |       | 12       | SLOW |              |          |          |
| led<1>                             | IOB              | OUTPUT    | LVCMOS25             |       | 12       | SLOW |              |          |          |
| led<2>                             | IOB              | OUTPUT    | LVCMOS25             |       | 12       | SLOW |              |          |          |
| led<3>                             | IOB              | OUTPUT    | LVCMOS25             |       | 12       | SLOW |              |          |          |
| led<4>                             | IOB              | OUTPUT    | LVCMOS25             |       | 12       | SLOW |              |          |          |
| led<5>                             | IOB              | OUTPUT    | LVCMOS25             |       | 12       | SLOW |              |          |          |
| led<6>                             | IOB              | OUTPUT    | LVCMOS25             |       | 12       | SLOW |              |          |          |
| ps2_clk                            | IOB              | INPUT     | LVCMOS25             |       |          |      |              |          |          |
| ps2_data                           | IOB              | INPUT     | LVCMOS25             |       |          |      |              |          |          |
| red_out<0>                         | IOB              | OUTPUT    | LVCMOS25             |       | 12       | SLOW |              |          |          |
| red_out<1>                         | IOB              | OUTPUT    | LVCMOS25             |       | 12       | SLOW |              |          |          |
| red_out<2>                         | IOB              | OUTPUT    | LVCMOS25             |       | 12       | SLOW |              |          |          |
| rst_n                              | IOB              | INPUT     | LVCMOS25             |       |          |      |              |          |          |
| vs_out                             | IOB              | OUTPUT    | LVCMOS25             |       | 12       | SLOW |              |          |          |
+---------------------------------------------------------------------------------------------------------------------------------------------------------+

Section 7 - RPMs
----------------

Section 8 - Guide Report
------------------------
Guide not run on this design.

Section 9 - Area Group and Partition Summary
--------------------------------------------

Partition Implementation Status
-------------------------------

  No Partitions were found in this design.

-------------------------------

Area Group Information
----------------------

  No area groups were found in this design.

----------------------

Section 10 - Timing Report
--------------------------
This design was not run using timing mode.

Section 11 - Configuration String Details
-----------------------------------------
Use the "-detail" map option to print out Configuration Strings

Section 12 - Control Set Information
------------------------------------
No control set information for this architecture.

Section 13 - Utilization by Hierarchy
-------------------------------------
Use the "-detail" map option to print out the Utilization by Hierarchy section.
