Release 14.6 - xst P.68d (nt64)
Copyright (c) 1995-2013 Xilinx, Inc.  All rights reserved.
--> Parameter TMPDIR set to xst/projnav.tmp


Total REAL time to Xst completion: 0.00 secs
Total CPU time to Xst completion: 0.08 secs
 
--> Parameter xsthdpdir set to xst


Total REAL time to Xst completion: 0.00 secs
Total CPU time to Xst completion: 0.08 secs
 
--> Reading design: mips_fpga_interface.prj

TABLE OF CONTENTS
  1) Synthesis Options Summary
  2) HDL Compilation
  3) Design Hierarchy Analysis
  4) HDL Analysis
  5) HDL Synthesis
     5.1) HDL Synthesis Report
  6) Advanced HDL Synthesis
     6.1) Advanced HDL Synthesis Report
  7) Low Level Synthesis
  8) Partition Report
  9) Final Report
	9.1) Device utilization summary
	9.2) Partition Resource Summary
	9.3) TIMING REPORT


=========================================================================
*                      Synthesis Options Summary                        *
=========================================================================
---- Source Parameters
Input File Name                    : "mips_fpga_interface.prj"
Input Format                       : mixed
Ignore Synthesis Constraint File   : NO

---- Target Parameters
Output File Name                   : "mips_fpga_interface"
Output Format                      : NGC
Target Device                      : xc3s1000-4-ft256

---- Source Options
Top Module Name                    : mips_fpga_interface
Automatic FSM Extraction           : YES
FSM Encoding Algorithm             : Auto
Safe Implementation                : No
FSM Style                          : LUT
RAM Extraction                     : Yes
RAM Style                          : Auto
ROM Extraction                     : Yes
Mux Style                          : Auto
Decoder Extraction                 : YES
Priority Encoder Extraction        : Yes
Shift Register Extraction          : YES
Logical Shifter Extraction         : YES
XOR Collapsing                     : YES
ROM Style                          : Auto
Mux Extraction                     : Yes
Resource Sharing                   : YES
Asynchronous To Synchronous        : NO
Multiplier Style                   : Auto
Automatic Register Balancing       : No

---- Target Options
Add IO Buffers                     : YES
Global Maximum Fanout              : 100000
Add Generic Clock Buffer(BUFG)     : 8
Register Duplication               : YES
Slice Packing                      : YES
Optimize Instantiated Primitives   : NO
Use Clock Enable                   : Yes
Use Synchronous Set                : Yes
Use Synchronous Reset              : Yes
Pack IO Registers into IOBs        : Auto
Equivalent register Removal        : YES

---- General Options
Optimization Goal                  : Speed
Optimization Effort                : 1
Keep Hierarchy                     : No
Netlist Hierarchy                  : As_Optimized
RTL Output                         : Yes
Global Optimization                : AllClockNets
Read Cores                         : YES
Write Timing Constraints           : NO
Cross Clock Analysis               : NO
Hierarchy Separator                : /
Bus Delimiter                      : <>
Case Specifier                     : Maintain
Slice Utilization Ratio            : 100
BRAM Utilization Ratio             : 100
Verilog 2001                       : YES
Auto BRAM Packing                  : NO
Slice Utilization Ratio Delta      : 5

=========================================================================


=========================================================================
*                          HDL Compilation                              *
=========================================================================
Compiling vhdl file "C:/Users/mlindahl15/Documents/GitHub/bugfree-adventure/ISE/mips_building_blocks.vhd" in Library work.
Architecture behave of Entity regfile is up to date.
Architecture behave of Entity adder is up to date.
Architecture behave of Entity sl2 is up to date.
Architecture behave of Entity extend is up to date.
Architecture asynchronous of Entity flopr is up to date.
Architecture behave of Entity mux2 is up to date.
Compiling vhdl file "C:/Users/mlindahl15/Documents/GitHub/bugfree-adventure/ISE/mips_alu.vhd" in Library work.
Architecture behave of Entity alu is up to date.
Compiling vhdl file "C:/Users/mlindahl15/Documents/GitHub/bugfree-adventure/ISE/mips_decoder_main.vhd" in Library work.
Architecture behave of Entity maindec is up to date.
Compiling vhdl file "C:/Users/mlindahl15/Documents/GitHub/bugfree-adventure/ISE/mips_decoder_alu.vhd" in Library work.
Architecture behave of Entity aludec is up to date.
Compiling vhdl file "C:/Users/mlindahl15/Documents/GitHub/bugfree-adventure/ISE/mips_controller.vhd" in Library work.
Architecture struct of Entity controller is up to date.
Compiling vhdl file "C:/Users/mlindahl15/Documents/GitHub/bugfree-adventure/ISE/mips_datapath.vhd" in Library work.
Architecture struct of Entity datapath is up to date.
Compiling vhdl file "C:/Users/mlindahl15/Documents/GitHub/bugfree-adventure/ISE/mips.vhd" in Library work.
Architecture struct of Entity mips is up to date.
Compiling vhdl file "C:/Users/mlindahl15/Documents/GitHub/bugfree-adventure/ISE/mips_mem.vhd" in Library work.
Architecture behave of Entity dmem is up to date.
Architecture behave of Entity imem is up to date.
Compiling vhdl file "C:/Users/mlindahl15/Documents/GitHub/bugfree-adventure/ISE/ps2_kbd.vhd" in Library work.
Architecture arch of Entity ps2_kbd is up to date.
Compiling vhdl file "C:/Users/mlindahl15/Documents/GitHub/bugfree-adventure/ISE/mips/list_ch13_01_font_rom.vhd" in Library work.
Architecture arch of Entity font_rom is up to date.
Compiling vhdl file "C:/Users/mlindahl15/Documents/GitHub/bugfree-adventure/ISE/mips/char_mem.vhd" in Library work.
Architecture arch of Entity char_mem is up to date.
Compiling vhdl file "C:/Users/mlindahl15/Documents/GitHub/bugfree-adventure/ISE/mips_top.vhd" in Library work.
ERROR:HDLParsers:800 - "C:/Users/mlindahl15/Documents/GitHub/bugfree-adventure/ISE/mips_top.vhd" Line 23. Type of io_in_port is incompatible with type of 0.
Entity <top> (Architecture <test>) compiled.
--> 

Total memory usage is 226240 kilobytes

Number of errors   :    1 (   0 filtered)
Number of warnings :    0 (   0 filtered)
Number of infos    :    0 (   0 filtered)

